[
  {
    "keyword":"Feature",
    "name":"Launch generic attack",
    "line":1,
    "description":"\nThis attack adapter allows for any command line binary to be executed and the output parsed. This can be used to run new attacks not yet supported by gauntlt. It can also be used to run custom scripts created by the user, which can allow for gauntlt attacks to be fully customized.",
    "id":"launch-generic-attack",
    "uri":"attacks/generic.attack",
    "elements":[
      {
        "keyword":"Background",
        "name":"",
        "line":5,
        "description":"",
        "type":"background",
        "steps":[
          {
            "keyword":"Given ",
            "name":"the \"ping\" command line binary is installed",
            "line":6,
            "match":{
              "arguments":[
                {
                  "offset":5,
                  "val":"ping"
                }
              ],
              "location":"attack_adapters/generic.rb:5"
            },
            "result":{
              "status":"passed",
              "duration":3992000
            }
          },
          {
            "keyword":"And ",
            "name":"the following profile:",
            "line":7,
            "rows":[
              {
                "cells":[
                  "name",
                  "value"
                ],
                "line":8
              },
              {
                "cells":[
                  "hostname",
                  "localhost"
                ],
                "line":9
              }
            ],
            "match":{
              "location":"attack_adapters/gauntlt.rb:9"
            },
            "result":{
              "status":"passed",
              "duration":1151000
            }
          }
        ]
      },
      {
        "keyword":"Scenario",
        "name":"Verify a packet is received from ping",
        "line":11,
        "description":"",
        "id":"launch-generic-attack;verify-a-packet-is-received-from-ping",
        "type":"scenario",
        "steps":[
          {
            "keyword":"Given ",
            "name":"the \"ping\" command line binary is installed",
            "line":6,
            "match":{
              "arguments":[
                {
                  "offset":5,
                  "val":"ping"
                }
              ],
              "location":"attack_adapters/generic.rb:5"
            },
            "result":{
              "status":"passed",
              "duration":269000
            }
          },
          {
            "keyword":"And ",
            "name":"the following profile:",
            "line":7,
            "rows":[
              {
                "cells":[
                  "name",
                  "value"
                ],
                "line":8
              },
              {
                "cells":[
                  "hostname",
                  "localhost"
                ],
                "line":9
              }
            ],
            "match":{
              "location":"attack_adapters/gauntlt.rb:9"
            },
            "result":{
              "status":"passed",
              "duration":869000
            }
          },
          {
            "keyword":"When ",
            "name":"I launch a \"generic\" attack with:",
            "line":12,
            "doc_string":{
              "value":"ping -c 1 <hostname>",
              "content_type":"",
              "line":13
            },
            "match":{
              "location":"attack_adapters/generic.rb:1"
            },
            "result":{
              "status":"passed",
              "duration":4233000
            }
          },
          {
            "keyword":"Then ",
            "name":"it should pass with regexp:",
            "line":16,
            "doc_string":{
              "value":"1 packets transmitted, 1 (packets )?received, 0(\\.0)?% packet loss",
              "content_type":"",
              "line":17
            },
            "match":{
              "arguments":[
                {
                  "offset":10,
                  "val":"pass"
                }
              ],
              "location":"aruba-0.7.4/lib/aruba/cucumber.rb:239"
            },
            "result":{
              "status":"passed",
              "duration":109395000
            }
          }
        ]
      }
    ]
  }
]
